#Software: Microsoft Internet Information Services 10.0
#Version: 1.0
#Date: 2018-12-20 22:08:22
#Fields: date time s-ip cs-method cs-uri-stem cs-uri-query s-port cs-username c-ip cs(User-Agent) cs(Referer) sc-status sc-substatus sc-win32-status time-taken
2018-12-20 22:08:22 ::1 GET / - 51462 - ::1 Mozilla/5.0+(Windows+NT+10.0;+Win64;+x64)+AppleWebKit/537.36+(KHTML,+like+Gecko)+Chrome/64.0.3282.140+Safari/537.36+Edge/17.17134 - 200 0 0 22250
2018-12-20 22:08:22 ::1 GET /Content/site.css - 51462 - ::1 Mozilla/5.0+(Windows+NT+10.0;+Win64;+x64)+AppleWebKit/537.36+(KHTML,+like+Gecko)+Chrome/64.0.3282.140+Safari/537.36+Edge/17.17134 http://localhost:51462/ 200 0 0 101
2018-12-20 22:08:22 ::1 GET /Scripts/respond.js - 51462 - ::1 Mozilla/5.0+(Windows+NT+10.0;+Win64;+x64)+AppleWebKit/537.36+(KHTML,+like+Gecko)+Chrome/64.0.3282.140+Safari/537.36+Edge/17.17134 http://localhost:51462/ 200 0 0 142
2018-12-20 22:08:22 ::1 GET /Scripts/bootstrap.js - 51462 - ::1 Mozilla/5.0+(Windows+NT+10.0;+Win64;+x64)+AppleWebKit/537.36+(KHTML,+like+Gecko)+Chrome/64.0.3282.140+Safari/537.36+Edge/17.17134 http://localhost:51462/ 200 0 0 412
2018-12-20 22:08:22 ::1 GET /Scripts/modernizr-2.6.2.js - 51462 - ::1 Mozilla/5.0+(Windows+NT+10.0;+Win64;+x64)+AppleWebKit/537.36+(KHTML,+like+Gecko)+Chrome/64.0.3282.140+Safari/537.36+Edge/17.17134 http://localhost:51462/ 200 0 0 480
2018-12-20 22:08:22 ::1 GET /Content/bootstrap.css - 51462 - ::1 Mozilla/5.0+(Windows+NT+10.0;+Win64;+x64)+AppleWebKit/537.36+(KHTML,+like+Gecko)+Chrome/64.0.3282.140+Safari/537.36+Edge/17.17134 http://localhost:51462/ 200 0 0 505
2018-12-20 22:08:22 ::1 GET /Scripts/jquery-1.10.2.js - 51462 - ::1 Mozilla/5.0+(Windows+NT+10.0;+Win64;+x64)+AppleWebKit/537.36+(KHTML,+like+Gecko)+Chrome/64.0.3282.140+Safari/537.36+Edge/17.17134 http://localhost:51462/ 200 0 0 483
2018-12-20 22:08:26 ::1 GET /__browserLink/requestData/e588faf530ac41c68df9318bf2d7379e version=2 51462 - ::1 Mozilla/5.0+(Windows+NT+10.0;+Win64;+x64)+AppleWebKit/537.36+(KHTML,+like+Gecko)+Chrome/64.0.3282.140+Safari/537.36+Edge/17.17134 http://localhost:51462/ 200 0 0 281
2018-12-20 22:12:35 ::1 GET /api/employees - 51462 - ::1 Mozilla/5.0+(Windows+NT+10.0;+Win64;+x64)+AppleWebKit/537.36+(KHTML,+like+Gecko)+Chrome/64.0.3282.140+Safari/537.36+Edge/17.17134 - 200 0 0 3947
2018-12-20 22:13:21 ::1 GET /api/employees/3 - 51462 - ::1 Mozilla/5.0+(Windows+NT+10.0;+Win64;+x64)+AppleWebKit/537.36+(KHTML,+like+Gecko)+Chrome/64.0.3282.140+Safari/537.36+Edge/17.17134 - 200 0 0 643
2018-12-20 22:27:47 ::1 GET /api/employees/2 - 51462 - ::1 Mozilla/5.0+(Windows+NT+10.0;+Win64;+x64)+AppleWebKit/537.36+(KHTML,+like+Gecko)+Chrome/64.0.3282.140+Safari/537.36+Edge/17.17134 - 200 0 0 139
2018-12-20 22:28:50 ::1 GET /api/employees/1 - 51462 - ::1 Mozilla/5.0+(Windows+NT+10.0;+Win64;+x64)+AppleWebKit/537.36+(KHTML,+like+Gecko)+Chrome/64.0.3282.140+Safari/537.36+Edge/17.17134 - 200 0 0 77
2018-12-20 22:30:54 ::1 GET /api/employees/3 - 51462 - ::1 Mozilla/5.0+(Windows+NT+10.0;+Win64;+x64)+AppleWebKit/537.36+(KHTML,+like+Gecko)+Chrome/64.0.3282.140+Safari/537.36+Edge/17.17134 - 200 0 0 78
#Software: Microsoft Internet Information Services 10.0
#Version: 1.0
#Date: 2018-12-20 22:55:27
#Fields: date time s-ip cs-method cs-uri-stem cs-uri-query s-port cs-username c-ip cs(User-Agent) cs(Referer) sc-status sc-substatus sc-win32-status time-taken
2018-12-20 22:55:27 ::1 GET /api/employees - 51462 - ::1 Mozilla/5.0+(Windows+NT+10.0;+Win64;+x64)+AppleWebKit/537.36+(KHTML,+like+Gecko)+Chrome/64.0.3282.140+Safari/537.36+Edge/17.17134 - 200 0 0 161
