#Software: Microsoft Internet Information Services 10.0
#Version: 1.0
#Date: 2018-12-19 04:41:57
#Fields: date time s-ip cs-method cs-uri-stem cs-uri-query s-port cs-username c-ip cs(User-Agent) cs(Referer) sc-status sc-substatus sc-win32-status time-taken
2018-12-19 04:41:57 ::1 GET /api/values - 51762 - ::1 Mozilla/5.0+(Windows+NT+10.0;+Win64;+x64)+AppleWebKit/537.36+(KHTML,+like+Gecko)+Chrome/64.0.3282.140+Safari/537.36+Edge/17.17134 - 401 0 0 7724
2018-12-19 04:54:17 ::1 GET /api/values - 51762 - ::1 Mozilla/5.0+(Windows+NT+10.0;+Win64;+x64)+AppleWebKit/537.36+(KHTML,+like+Gecko)+Chrome/64.0.3282.140+Safari/537.36+Edge/17.17134 - 401 0 0 16
2018-12-19 04:54:21 ::1 GET /api/values - 51762 - ::1 Mozilla/5.0+(Windows+NT+10.0;+Win64;+x64)+AppleWebKit/537.36+(KHTML,+like+Gecko)+Chrome/64.0.3282.140+Safari/537.36+Edge/17.17134 - 401 0 0 17
2018-12-19 04:55:06 ::1 GET /api/values - 51762 - ::1 Mozilla/5.0+(Windows+NT+10.0;+Win64;+x64)+AppleWebKit/537.36+(KHTML,+like+Gecko)+Chrome/71.0.3578.98+Safari/537.36 - 401 0 0 2
2018-12-19 04:55:11 ::1 GET /favicon.ico - 51762 - ::1 Mozilla/5.0+(Windows+NT+10.0;+Win64;+x64)+AppleWebKit/537.36+(KHTML,+like+Gecko)+Chrome/71.0.3578.98+Safari/537.36 http://localhost:51762/api/values 200 0 0 109
#Software: Microsoft Internet Information Services 10.0
#Version: 1.0
#Date: 2018-12-19 04:57:08
#Fields: date time s-ip cs-method cs-uri-stem cs-uri-query s-port cs-username c-ip cs(User-Agent) cs(Referer) sc-status sc-substatus sc-win32-status time-taken
2018-12-19 04:57:08 ::1 GET / - 51762 - ::1 Mozilla/5.0+(Windows+NT+10.0;+Win64;+x64)+AppleWebKit/537.36+(KHTML,+like+Gecko)+Chrome/64.0.3282.140+Safari/537.36+Edge/17.17134 - 200 0 0 27963
2018-12-19 04:57:08 ::1 GET /Scripts/respond.js - 51762 - ::1 Mozilla/5.0+(Windows+NT+10.0;+Win64;+x64)+AppleWebKit/537.36+(KHTML,+like+Gecko)+Chrome/64.0.3282.140+Safari/537.36+Edge/17.17134 http://localhost:51762/ 304 0 0 14
2018-12-19 04:57:08 ::1 GET /Content/site.css - 51762 - ::1 Mozilla/5.0+(Windows+NT+10.0;+Win64;+x64)+AppleWebKit/537.36+(KHTML,+like+Gecko)+Chrome/64.0.3282.140+Safari/537.36+Edge/17.17134 http://localhost:51762/ 304 0 0 14
2018-12-19 04:57:08 ::1 GET /Scripts/jquery-1.10.2.js - 51762 - ::1 Mozilla/5.0+(Windows+NT+10.0;+Win64;+x64)+AppleWebKit/537.36+(KHTML,+like+Gecko)+Chrome/64.0.3282.140+Safari/537.36+Edge/17.17134 http://localhost:51762/ 304 0 0 35
2018-12-19 04:57:08 ::1 GET /Content/bootstrap.css - 51762 - ::1 Mozilla/5.0+(Windows+NT+10.0;+Win64;+x64)+AppleWebKit/537.36+(KHTML,+like+Gecko)+Chrome/64.0.3282.140+Safari/537.36+Edge/17.17134 http://localhost:51762/ 304 0 0 21
2018-12-19 04:57:08 ::1 GET /Scripts/bootstrap.js - 51762 - ::1 Mozilla/5.0+(Windows+NT+10.0;+Win64;+x64)+AppleWebKit/537.36+(KHTML,+like+Gecko)+Chrome/64.0.3282.140+Safari/537.36+Edge/17.17134 http://localhost:51762/ 304 0 0 35
2018-12-19 04:57:08 ::1 GET /Scripts/modernizr-2.6.2.js - 51762 - ::1 Mozilla/5.0+(Windows+NT+10.0;+Win64;+x64)+AppleWebKit/537.36+(KHTML,+like+Gecko)+Chrome/64.0.3282.140+Safari/537.36+Edge/17.17134 http://localhost:51762/ 304 0 0 32
2018-12-19 04:57:08 ::1 GET /__browserLink/requestData/2c1d404b6d484f24a6cb294d036a1a38 version=2 51762 - ::1 Mozilla/5.0+(Windows+NT+10.0;+Win64;+x64)+AppleWebKit/537.36+(KHTML,+like+Gecko)+Chrome/64.0.3282.140+Safari/537.36+Edge/17.17134 http://localhost:51762/ 200 0 0 133
2018-12-19 04:58:36 ::1 GET /api/values - 51762 - ::1 Mozilla/5.0+(Windows+NT+10.0;+Win64;+x64)+AppleWebKit/537.36+(KHTML,+like+Gecko)+Chrome/64.0.3282.140+Safari/537.36+Edge/17.17134 - 401 0 0 237
2018-12-19 04:58:41 ::1 GET /api/value - 51762 - ::1 Mozilla/5.0+(Windows+NT+10.0;+Win64;+x64)+AppleWebKit/537.36+(KHTML,+like+Gecko)+Chrome/64.0.3282.140+Safari/537.36+Edge/17.17134 - 404 0 0 31
2018-12-19 04:58:51 ::1 GET /api/value - 51762 - ::1 Mozilla/5.0+(Windows+NT+10.0;+Win64;+x64)+AppleWebKit/537.36+(KHTML,+like+Gecko)+Chrome/64.0.3282.140+Safari/537.36+Edge/17.17134 - 404 0 0 51
2018-12-19 04:58:56 ::1 GET /api/values - 51762 - ::1 Mozilla/5.0+(Windows+NT+10.0;+Win64;+x64)+AppleWebKit/537.36+(KHTML,+like+Gecko)+Chrome/64.0.3282.140+Safari/537.36+Edge/17.17134 - 401 0 0 47
