#Software: Microsoft Internet Information Services 10.0
#Version: 1.0
#Date: 2018-12-19 19:02:23
#Fields: date time s-ip cs-method cs-uri-stem cs-uri-query s-port cs-username c-ip cs(User-Agent) cs(Referer) sc-status sc-substatus sc-win32-status time-taken
2018-12-19 19:02:23 ::1 GET / - 58273 - ::1 Mozilla/5.0+(Windows+NT+10.0;+Win64;+x64)+AppleWebKit/537.36+(KHTML,+like+Gecko)+Chrome/64.0.3282.140+Safari/537.36+Edge/17.17134 - 200 0 0 22927
2018-12-19 19:02:23 ::1 GET /Scripts/respond.js - 58273 - ::1 Mozilla/5.0+(Windows+NT+10.0;+Win64;+x64)+AppleWebKit/537.36+(KHTML,+like+Gecko)+Chrome/64.0.3282.140+Safari/537.36+Edge/17.17134 http://localhost:58273/ 200 0 0 138
2018-12-19 19:02:23 ::1 GET /Content/site.css - 58273 - ::1 Mozilla/5.0+(Windows+NT+10.0;+Win64;+x64)+AppleWebKit/537.36+(KHTML,+like+Gecko)+Chrome/64.0.3282.140+Safari/537.36+Edge/17.17134 http://localhost:58273/ 200 0 0 151
2018-12-19 19:02:23 ::1 GET /Scripts/modernizr-2.6.2.js - 58273 - ::1 Mozilla/5.0+(Windows+NT+10.0;+Win64;+x64)+AppleWebKit/537.36+(KHTML,+like+Gecko)+Chrome/64.0.3282.140+Safari/537.36+Edge/17.17134 http://localhost:58273/ 200 0 0 237
2018-12-19 19:02:23 ::1 GET /Scripts/bootstrap.js - 58273 - ::1 Mozilla/5.0+(Windows+NT+10.0;+Win64;+x64)+AppleWebKit/537.36+(KHTML,+like+Gecko)+Chrome/64.0.3282.140+Safari/537.36+Edge/17.17134 http://localhost:58273/ 200 0 0 250
2018-12-19 19:02:23 ::1 GET /Content/bootstrap.css - 58273 - ::1 Mozilla/5.0+(Windows+NT+10.0;+Win64;+x64)+AppleWebKit/537.36+(KHTML,+like+Gecko)+Chrome/64.0.3282.140+Safari/537.36+Edge/17.17134 http://localhost:58273/ 200 0 0 261
2018-12-19 19:02:23 ::1 GET /Scripts/jquery-1.10.2.js - 58273 - ::1 Mozilla/5.0+(Windows+NT+10.0;+Win64;+x64)+AppleWebKit/537.36+(KHTML,+like+Gecko)+Chrome/64.0.3282.140+Safari/537.36+Edge/17.17134 http://localhost:58273/ 200 0 0 338
2018-12-19 19:02:25 ::1 GET /__browserLink/requestData/49649468309e45e89dd0025b84f7de77 version=2 58273 - ::1 Mozilla/5.0+(Windows+NT+10.0;+Win64;+x64)+AppleWebKit/537.36+(KHTML,+like+Gecko)+Chrome/64.0.3282.140+Safari/537.36+Edge/17.17134 http://localhost:58273/ 200 0 0 213
2018-12-19 19:11:44 ::1 GET /api/values - 58273 - ::1 Mozilla/5.0+(Windows+NT+10.0;+Win64;+x64)+AppleWebKit/537.36+(KHTML,+like+Gecko)+Chrome/64.0.3282.140+Safari/537.36+Edge/17.17134 - 200 0 0 7801
#Software: Microsoft Internet Information Services 10.0
#Version: 1.0
#Date: 2018-12-19 20:02:40
#Fields: date time s-ip cs-method cs-uri-stem cs-uri-query s-port cs-username c-ip cs(User-Agent) cs(Referer) sc-status sc-substatus sc-win32-status time-taken
2018-12-19 20:02:40 ::1 GET /api/values - 58273 - ::1 Mozilla/5.0+(Windows+NT+10.0;+Win64;+x64)+AppleWebKit/537.36+(KHTML,+like+Gecko)+Chrome/64.0.3282.140+Safari/537.36+Edge/17.17134 - 200 0 0 22454
2018-12-19 20:13:31 ::1 POST /api/values - 58273 - ::1 Mozilla/5.0+(Windows+NT+10.0;+Win64;+x64)+AppleWebKit/537.36+(KHTML,+like+Gecko)+Chrome/64.0.3282.140+Safari/537.36+Edge/17.17134 - 204 0 0 165
2018-12-19 20:19:25 ::1 GET /api/values - 58273 - ::1 Mozilla/5.0+(Windows+NT+10.0;+Win64;+x64)+AppleWebKit/537.36+(KHTML,+like+Gecko)+Chrome/64.0.3282.140+Safari/537.36+Edge/17.17134 - 200 0 0 6
2018-12-19 20:25:47 ::1 GET /api/values - 58273 - ::1 Mozilla/5.0+(Windows+NT+10.0;+Win64;+x64)+AppleWebKit/537.36+(KHTML,+like+Gecko)+Chrome/64.0.3282.140+Safari/537.36+Edge/17.17134 - 200 0 0 19
2018-12-19 20:33:50 ::1 PUT /api/values/3 - 58273 - ::1 Mozilla/5.0+(Windows+NT+10.0;+Win64;+x64)+AppleWebKit/537.36+(KHTML,+like+Gecko)+Chrome/64.0.3282.140+Safari/537.36+Edge/17.17134 - 204 0 0 27
2018-12-19 20:36:21 ::1 GET /api/values - 58273 - ::1 Mozilla/5.0+(Windows+NT+10.0;+Win64;+x64)+AppleWebKit/537.36+(KHTML,+like+Gecko)+Chrome/64.0.3282.140+Safari/537.36+Edge/17.17134 - 200 0 0 6
2018-12-19 20:38:12 ::1 DELETE /api/values/3 - 58273 - ::1 Mozilla/5.0+(Windows+NT+10.0;+Win64;+x64)+AppleWebKit/537.36+(KHTML,+like+Gecko)+Chrome/64.0.3282.140+Safari/537.36+Edge/17.17134 - 204 0 0 7
2018-12-19 20:39:27 ::1 GET /api/values/3 - 58273 - ::1 Mozilla/5.0+(Windows+NT+10.0;+Win64;+x64)+AppleWebKit/537.36+(KHTML,+like+Gecko)+Chrome/64.0.3282.140+Safari/537.36+Edge/17.17134 - 200 0 0 20
2018-12-19 20:40:50 ::1 GET /api/values/3 - 58273 - ::1 Mozilla/5.0+(Windows+NT+10.0;+Win64;+x64)+AppleWebKit/537.36+(KHTML,+like+Gecko)+Chrome/64.0.3282.140+Safari/537.36+Edge/17.17134 - 200 0 0 6
2018-12-19 20:41:30 ::1 GET /api/values - 58273 - ::1 Mozilla/5.0+(Windows+NT+10.0;+Win64;+x64)+AppleWebKit/537.36+(KHTML,+like+Gecko)+Chrome/64.0.3282.140+Safari/537.36+Edge/17.17134 - 200 0 0 6
